Arguments: 
  /usr/local/bin/node /usr/local/bin/yarn add -D fallback

PATH: 
  /Users/eduardkizmann/bin:/usr/local/bin:/usr/local/bin:/usr/bin:/bin:/usr/sbin:/sbin:/Users/eduardkizmann/Documents/GitHub/liro-dashboard/node_modules/.bin

Yarn version: 
  1.7.0

Node version: 
  8.11.3

Platform: 
  darwin x64

Trace: 
  SyntaxError: /Users/eduardkizmann/Documents/GitHub/liro-dashboard/package.json: Unexpected token } in JSON at position 1281
      at JSON.parse (<anonymous>)
      at /usr/local/lib/node_modules/yarn/lib/cli.js:1130:59
      at Generator.next (<anonymous>)
      at step (/usr/local/lib/node_modules/yarn/lib/cli.js:98:30)
      at /usr/local/lib/node_modules/yarn/lib/cli.js:109:13
      at <anonymous>

npm manifest: 
  {
      "private": true,
      "scripts": {
          "icons": "node ./resources/src/util/icons.js",
          "dev": "npm run development",
          "development": "cross-env NODE_ENV=development node_modules/webpack/bin/webpack.js --progress --hide-modules --config=node_modules/laravel-mix/setup/webpack.config.js",
          "watch": "cross-env NODE_ENV=development node_modules/webpack/bin/webpack.js --watch --progress --hide-modules --config=node_modules/laravel-mix/setup/webpack.config.js",
          "watch-poll": "npm run watch -- --watch-poll",
          "hot": "cross-env NODE_ENV=development node_modules/webpack-dev-server/bin/webpack-dev-server.js --inline --hot --config=node_modules/laravel-mix/setup/webpack.config.js",
          "prod": "npm run production",
          "production": "cross-env NODE_ENV=production node_modules/webpack/bin/webpack.js --no-progress --hide-modules --config=node_modules/laravel-mix/setup/webpack.config.js"
      },
      "devDependencies": {
          "ant-design-vue": "^1.3.3",
          "babel-plugin-transform-class-properties": "^6.24.1",
          "cross-env": "^5.1",
          "jquery": "^3.3.1",
          "laravel-mix": "^2.0",
          "lodash": "^4.17.11",
          "raw-loader": "^1.0.0",
          "vue": "^2.5.17",
          "vue-router": "^3.0.2",
      }
  }

yarn manifest: 
  No manifest

Lockfile: 
  No lockfile
